<?xml version="1.0" encoding="UTF-8"?>
<!-- Generated by org.testng.reporters.JUnitReportReporter -->
<testsuite hostname="visweswararao" failures="0" tests="3" name="nov11.FirstTestNGClass" time="4.793" errors="0" timestamp="2024-11-11T14:27:19 IST" skipped="0">
  <testcase classname="nov11.FirstTestNGClass" name="leave" time="0.935"/>
  <system-out>
    <![CDATA[Excuting leave test]]>
  </system-out>
  <testcase classname="nov11.FirstTestNGClass" name="pim" time="1.291"/>
  <system-out>
    <![CDATA[Excuting pim test]]>
  </system-out>
  <testcase classname="nov11.FirstTestNGClass" name="admin" time="2.567"/>
  <system-out>
    <![CDATA[Excuting admin test]]>
  </system-out>
</testsuite> <!-- nov11.FirstTestNGClass -->
