<?xml version="1.0" encoding="UTF-8"?>
<!-- Generated by org.testng.reporters.JUnitReportReporter -->
<testsuite hostname="visweswararao" failures="0" tests="1" name="nov11.Demo1" time="7.458" errors="0" timestamp="2024-11-18T12:40:32 IST" skipped="0">
  <testcase classname="nov11.Demo1" name="verifyTitle" time="7.458"/>
  <system-out/>
</testsuite> <!-- nov11.Demo1 -->
