<?xml version="1.0" encoding="UTF-8"?>
<!-- Generated by org.testng.reporters.JUnitReportReporter -->
<testsuite hostname="visweswararao" failures="0" tests="1" name="nov11.Demo3" time="5.016" errors="0" timestamp="2024-11-13T10:48:26 IST" skipped="0">
  <testcase classname="nov11.Demo3" name="verifyTitle" time="5.016"/>
  <system-out/>
</testsuite> <!-- nov11.Demo3 -->
